  practica5.cpp
C:\Users\aliso\source\repos\P05-319233100\P05-319233100\Window.h(12,36): warning C4244: 'return': conversión de 'GLint' a 'GLfloat'; posible pérdida de datos
  (compilando archivo de origen "practica5.cpp")
  
C:\Users\aliso\source\repos\P05-319233100\P05-319233100\Window.h(13,37): warning C4244: 'return': conversión de 'GLint' a 'GLfloat'; posible pérdida de datos
  (compilando archivo de origen "practica5.cpp")
  
C:\Users\aliso\source\repos\P05-319233100\P05-319233100\practica5.cpp(148,15): warning C4244: 'inicializando': conversión de 'double' a 'GLfloat'; posible pérdida de datos
C:\Users\aliso\source\repos\P05-319233100\P05-319233100\practica5.cpp(150,33): warning C4244: '+=': conversión de 'double' a 'GLfloat'; posible pérdida de datos
  Shader_m.cpp
  SpotLight.cpp
  Window.cpp
C:\Users\aliso\source\repos\P05-319233100\P05-319233100\Window.h(12,36): warning C4244: 'return': conversión de 'GLint' a 'GLfloat'; posible pérdida de datos
  (compilando archivo de origen "Window.cpp")
  
C:\Users\aliso\source\repos\P05-319233100\P05-319233100\Window.h(13,37): warning C4244: 'return': conversión de 'GLint' a 'GLfloat'; posible pérdida de datos
  (compilando archivo de origen "Window.cpp")
  
C:\Users\aliso\source\repos\P05-319233100\P05-319233100\Window.cpp(217,22): warning C4244: '=': conversión de 'double' a 'GLfloat'; posible pérdida de datos
C:\Users\aliso\source\repos\P05-319233100\P05-319233100\Window.cpp(218,22): warning C4244: '=': conversión de 'double' a 'GLfloat'; posible pérdida de datos
C:\Users\aliso\source\repos\P05-319233100\P05-319233100\Window.cpp(222,28): warning C4244: '=': conversión de 'double' a 'GLfloat'; posible pérdida de datos
C:\Users\aliso\source\repos\P05-319233100\P05-319233100\Window.cpp(223,40): warning C4244: '=': conversión de 'double' a 'GLfloat'; posible pérdida de datos
C:\Users\aliso\source\repos\P05-319233100\P05-319233100\Window.cpp(225,21): warning C4244: '=': conversión de 'double' a 'GLfloat'; posible pérdida de datos
C:\Users\aliso\source\repos\P05-319233100\P05-319233100\Window.cpp(226,21): warning C4244: '=': conversión de 'double' a 'GLfloat'; posible pérdida de datos
  Generando código...
C:\Users\aliso\source\repos\P05-319233100\P05-319233100\Window.cpp(88,1): warning C4715: 'Window::Initialise': no todas las rutas de acceso de control devuelven un valor
LINK : warning LNK4098: la biblioteca predeterminada'MSVCRT' entra en conflicto con otras bibliotecas; use la biblioteca /NODEFAULTLIB:biblioteca
  P05-319233100.vcxproj -> C:\Users\aliso\source\repos\P05-319233100\Debug\P05-319233100.exe
